[debug] [2020-06-02T19:38:39.547Z] ----------------------------------------------------------------------
[debug] [2020-06-02T19:38:39.551Z] Command:       C:\Program Files\nodejs\node.exe C:\Users\Josefa\AppData\Roaming\npm\node_modules\firebase-tools\lib\bin\firebase.js init
[debug] [2020-06-02T19:38:39.552Z] CLI Version:   8.4.1
[debug] [2020-06-02T19:38:39.552Z] Platform:      win32
[debug] [2020-06-02T19:38:39.552Z] Node Version:  v12.14.1
[debug] [2020-06-02T19:38:39.991Z] Time:          Tue Jun 02 2020 16:38:39 GMT-0300 (GMT-03:00)
[debug] [2020-06-02T19:38:39.992Z] ----------------------------------------------------------------------
[debug] [2020-06-02T19:38:39.993Z] 
[debug] [2020-06-02T19:38:40.069Z] > command requires scopes: ["email","openid","https://www.googleapis.com/auth/cloudplatformprojects.readonly","https://www.googleapis.com/auth/firebase","https://www.googleapis.com/auth/cloud-platform"]
[debug] [2020-06-02T19:38:40.070Z] > authorizing via signed-in user
[info] 
     ######## #### ########  ######## ########     ###     ######  ########
     ##        ##  ##     ## ##       ##     ##  ##   ##  ##       ##
     ######    ##  ########  ######   ########  #########  ######  ######
     ##        ##  ##    ##  ##       ##     ## ##     ##       ## ##
     ##       #### ##     ## ######## ########  ##     ##  ######  ########

You're about to initialize a Firebase project in this directory:

  C:\Users\Josefa\desktop\SAP004-social-network

[debug] [2020-06-04T22:52:01.206Z] ----------------------------------------------------------------------
[debug] [2020-06-04T22:52:01.217Z] Command:       C:\Program Files\nodejs\node.exe C:\Users\Josefa\AppData\Roaming\npm\node_modules\firebase-tools\lib\bin\firebase.js init
[debug] [2020-06-04T22:52:01.219Z] CLI Version:   8.4.1
[debug] [2020-06-04T22:52:01.219Z] Platform:      win32
[debug] [2020-06-04T22:52:01.220Z] Node Version:  v12.14.1
[debug] [2020-06-04T22:52:01.315Z] Time:          Thu Jun 04 2020 19:52:01 GMT-0300 (GMT-03:00)
[debug] [2020-06-04T22:52:01.316Z] ----------------------------------------------------------------------
[debug] [2020-06-04T22:52:01.316Z] 
[debug] [2020-06-04T22:52:01.413Z] > command requires scopes: ["email","openid","https://www.googleapis.com/auth/cloudplatformprojects.readonly","https://www.googleapis.com/auth/firebase","https://www.googleapis.com/auth/cloud-platform"]
[debug] [2020-06-04T22:52:01.414Z] > authorizing via signed-in user
[info] 
     ######## #### ########  ######## ########     ###     ######  ########
     ##        ##  ##     ## ##       ##     ##  ##   ##  ##       ##
     ######    ##  ########  ######   ########  #########  ######  ######
     ##        ##  ##    ##  ##       ##     ## ##     ##       ## ##
     ##       #### ##     ## ######## ########  ##     ##  ######  ########

You're about to initialize a Firebase project in this directory:

  C:\Users\Josefa\Desktop\SAP004-social-network

Before we get started, keep in mind:

  * You are initializing in an existing Firebase project directory

[info] 
=== Project Setup
[info] 
[info] First, let's associate this project directory with a Firebase project.
[info] You can create multiple project aliases by running firebase use --add, 
[info] but for now we'll just set up a default project.
[info] 
[info] i  .firebaserc already has a default project, using bardelas-73eda. 
[debug] [2020-06-04T23:02:50.300Z] > refreshing access token with scopes: ["email","https://www.googleapis.com/auth/cloud-platform","https://www.googleapis.com/auth/cloudplatformprojects.readonly","https://www.googleapis.com/auth/firebase","openid"]
[debug] [2020-06-04T23:02:50.301Z] >>> HTTP REQUEST POST https://www.googleapis.com/oauth2/v3/token  
 <request body omitted>
[debug] [2020-06-04T23:02:50.856Z] <<< HTTP RESPONSE 200 {"content-type":"application/json; charset=utf-8","vary":"X-Origin, Referer, Origin,Accept-Encoding","date":"Thu, 04 Jun 2020 23:02:38 GMT","server":"scaffolding on HTTPServer2","cache-control":"private","x-xss-protection":"0","x-frame-options":"SAMEORIGIN","x-content-type-options":"nosniff","alt-svc":"h3-27=\":443\"; ma=2592000,h3-25=\":443\"; ma=2592000,h3-T050=\":443\"; ma=2592000,h3-Q050=\":443\"; ma=2592000,h3-Q049=\":443\"; ma=2592000,h3-Q048=\":443\"; ma=2592000,h3-Q046=\":443\"; ma=2592000,h3-Q043=\":443\"; ma=2592000,quic=\":443\"; ma=2592000; v=\"46,43\"","accept-ranges":"none","transfer-encoding":"chunked"}
[debug] [2020-06-04T23:02:51.077Z] >>> HTTP REQUEST GET https://firebase.googleapis.com/v1beta1/projects/bardelas-73eda  
 
[debug] [2020-06-04T23:02:51.629Z] <<< HTTP RESPONSE 200 {"content-type":"application/json; charset=UTF-8","vary":"X-Origin, Referer, Origin,Accept-Encoding","date":"Thu, 04 Jun 2020 23:02:39 GMT","server":"ESF","cache-control":"private","x-xss-protection":"0","x-frame-options":"SAMEORIGIN","x-content-type-options":"nosniff","alt-svc":"h3-27=\":443\"; ma=2592000,h3-25=\":443\"; ma=2592000,h3-T050=\":443\"; ma=2592000,h3-Q050=\":443\"; ma=2592000,h3-Q049=\":443\"; ma=2592000,h3-Q048=\":443\"; ma=2592000,h3-Q046=\":443\"; ma=2592000,h3-Q043=\":443\"; ma=2592000,quic=\":443\"; ma=2592000; v=\"46,43\"","accept-ranges":"none","transfer-encoding":"chunked"}
[info] 
=== Hosting Setup
[info] 
[info] Your public directory is the folder (relative to your project directory) that
[info] will contain Hosting assets to be uploaded with firebase deploy. If you
[info] have a build process for your assets, use your build's output directory.
[info] 
[info] +  Wrote public/404.html 
[debug] [2020-06-04T23:03:51.545Z] >>> HTTP REQUEST GET https://www.gstatic.com/firebasejs/releases.json  
 
[debug] [2020-06-04T23:03:51.690Z] <<< HTTP RESPONSE 200 {"accept-ranges":"bytes","vary":"Accept-Encoding, Origin","content-type":"application/json","content-length":"1429","date":"Thu, 04 Jun 2020 22:35:58 GMT","expires":"Thu, 04 Jun 2020 23:25:58 GMT","last-modified":"Fri, 29 May 2020 17:38:54 GMT","x-content-type-options":"nosniff","server":"sffe","x-xss-protection":"0","cache-control":"public, max-age=3000","age":"1661","alt-svc":"h3-27=\":443\"; ma=2592000,h3-25=\":443\"; ma=2592000,h3-T050=\":443\"; ma=2592000,h3-Q050=\":443\"; ma=2592000,h3-Q049=\":443\"; ma=2592000,h3-Q048=\":443\"; ma=2592000,h3-Q046=\":443\"; ma=2592000,h3-Q043=\":443\"; ma=2592000,quic=\":443\"; ma=2592000; v=\"46,43\""}
[debug] [2020-06-04T23:03:51.830Z] Error: EPERM: operation not permitted, open 'C:\Users\Josefa\Desktop\SAP004-social-network\public\index.html'
    at Object.openSync (fs.js:440:3)
    at Object.writeFileSync (fs.js:1265:35)
    at Object.createFileSync (C:\Users\Josefa\AppData\Roaming\npm\node_modules\firebase-tools\node_modules\fs-extra\lib\ensure\file.js:34:6)
    at Config.writeProjectFile (C:\Users\Josefa\AppData\Roaming\npm\node_modules\firebase-tools\lib\config.js:154:8)
    at C:\Users\Josefa\AppData\Roaming\npm\node_modules\firebase-tools\lib\config.js:173:18
    at processTicksAndRejections (internal/process/task_queues.js:94:5)
[error] 
[error] Error: An unexpected error has occurred.
